<?xml version="1.0" encoding="UTF-8"?>
<testng-results ignored="0" total="1" passed="1" failed="0" skipped="0">
  <reporter-output>
  </reporter-output>
  <suite started-at="2021-03-18T14:41:13 IST" name="Default suite" finished-at="2021-03-18T14:41:28 IST" duration-ms="15579">
    <groups>
    </groups>
    <test started-at="2021-03-18T14:41:13 IST" name="Default test" finished-at="2021-03-18T14:41:28 IST" duration-ms="15579">
      <class name="test.day1">
        <test-method signature="demeo()[pri:0, instance:test.day1@70be0a2b]" started-at="2021-03-18T14:41:13 IST" name="demeo" finished-at="2021-03-18T14:41:28 IST" duration-ms="15507" status="PASS">
          <reporter-output>
          </reporter-output>
        </test-method> <!-- demeo -->
      </class> <!-- test.day1 -->
    </test> <!-- Default test -->
  </suite> <!-- Default suite -->
</testng-results>
